On branch feature/kashkole-translation
Changes not staged for commit:
  (use "git add <file>..." to update what will be committed)
  (use "git restore <file>..." to discard changes in working directory)
	modified:   _workspace/plan/_drivers/kashkole_adapt_all.py
	modified:   _workspace/plan/kashkole-adapt-batch.log
	modified:   _workspace/plan/kashkole-challenge-fail-report.md
	modified:   _workspace/plan/kashkole-challenge-failures.log
	modified:   tools/content_translator/stages/adapt_auto.py

Untracked files:
  (use "git add <file>..." to include in what will be committed)
	_workspace/plan/kashkole-challenge-b32-final.log
	_workspace/plan/kashkole-challenge-b32.log
	_workspace/plan/kashkole-challenge-b35.log
	_workspace/plan/kashkole-podcast-scope.yaml

no changes added to commit (use "git add" and/or "git commit -a")
On branch feature/kashkole-translation
Changes not staged for commit:
  (use "git add <file>..." to update what will be committed)
  (use "git restore <file>..." to discard changes in working directory)
	modified:   _workspace/plan/_drivers/kashkole_adapt_all.py
	modified:   _workspace/plan/kashkole-adapt-batch.log
	modified:   _workspace/plan/kashkole-challenge-fail-report.md
	modified:   _workspace/plan/kashkole-challenge-failures.log
	modified:   tools/content_translator/stages/adapt_auto.py

Untracked files:
  (use "git add <file>..." to include in what will be committed)
	_workspace/plan/kashkole-challenge-b32-final.log
	_workspace/plan/kashkole-challenge-b32.log
	_workspace/plan/kashkole-challenge-b35.log
	_workspace/plan/kashkole-podcast-scope.yaml

no changes added to commit (use "git add" and/or "git commit -a")
On branch feature/kashkole-translation
Changes not staged for commit:
  (use "git add <file>..." to update what will be committed)
  (use "git restore <file>..." to discard changes in working directory)
	modified:   _workspace/plan/_drivers/kashkole_adapt_all.py
	modified:   _workspace/plan/kashkole-adapt-batch.log
	modified:   _workspace/plan/kashkole-challenge-fail-report.md
	modified:   _workspace/plan/kashkole-challenge-failures.log
	modified:   tools/content_translator/stages/adapt_auto.py

Untracked files:
  (use "git add <file>..." to include in what will be committed)
	_workspace/plan/kashkole-challenge-b32-final.log
	_workspace/plan/kashkole-challenge-b32.log
	_workspace/plan/kashkole-challenge-b35.log
	_workspace/plan/kashkole-podcast-scope.yaml

no changes added to commit (use "git add" and/or "git commit -a")
On branch feature/kashkole-translation
Changes not staged for commit:
  (use "git add <file>..." to update what will be committed)
  (use "git restore <file>..." to discard changes in working directory)
	modified:   _workspace/plan/_drivers/kashkole_adapt_all.py
	modified:   _workspace/plan/kashkole-adapt-batch.log
	modified:   _workspace/plan/kashkole-challenge-fail-report.md
	modified:   _workspace/plan/kashkole-challenge-failures.log
	modified:   tools/content_translator/stages/adapt_auto.py

Untracked files:
  (use "git add <file>..." to include in what will be committed)
	_workspace/plan/kashkole-challenge-b32-final.log
	_workspace/plan/kashkole-challenge-b32.log
	_workspace/plan/kashkole-challenge-b35.log
	_workspace/plan/kashkole-podcast-scope.yaml

no changes added to commit (use "git add" and/or "git commit -a")

============================================================
Binder 35 — The Wise Reminder (2 chapters)
============================================================
  ch 176: already challenged — skip
  ch 177: already challenged — skip

  Binder 35: 0 challenged, 2 skipped, 0 failed
  Binder cost: $0.0000

============================================================
Binder 32 — Al-Ghazali — Kimiya (2 chapters)
============================================================
  ch 139: already challenged — skip
  ch 146: already challenged — skip

  Binder 32: 0 challenged, 2 skipped, 0 failed
  Binder cost: $0.0000

============================================================
Binder 36 — Islam Iman Ihsan (3 chapters)
============================================================
  ch 174: already challenged — skip
  ch 173: already challenged — skip
  ch 175: already challenged — skip

  Binder 36: 0 challenged, 3 skipped, 0 failed
  Binder cost: $0.0000

============================================================
Binder 12 — Duʿāt Lives (3 chapters)
============================================================
  ch 36: already challenged — skip
  ch 138: already challenged — skip
  ch 143: already challenged — skip

  Binder 12: 0 challenged, 3 skipped, 0 failed
  Binder cost: $0.0000

============================================================
Binder 5 — Devotional Poetry (3 chapters)
============================================================
  ch 50: already challenged — skip
  ch 13: already challenged — skip
  ch 12: challenging... On branch feature/kashkole-translation
Changes not staged for commit:
  (use "git add <file>..." to update what will be committed)
  (use "git restore <file>..." to discard changes in working directory)
	modified:   _workspace/plan/_drivers/kashkole_adapt_all.py
	modified:   _workspace/plan/kashkole-adapt-batch.log
	modified:   _workspace/plan/kashkole-challenge-fail-report.md
	modified:   _workspace/plan/kashkole-challenge-failures.log
	modified:   tools/content_translator/stages/adapt_auto.py

Untracked files:
  (use "git add <file>..." to include in what will be committed)
	_workspace/plan/kashkole-challenge-b32-final.log
	_workspace/plan/kashkole-challenge-b32.log
	_workspace/plan/kashkole-challenge-b35.log
	_workspace/plan/kashkole-podcast-scope.yaml

no changes added to commit (use "git add" and/or "git commit -a")
On branch feature/kashkole-translation
Changes not staged for commit:
  (use "git add <file>..." to update what will be committed)
  (use "git restore <file>..." to discard changes in working directory)
	modified:   _workspace/plan/_drivers/kashkole_adapt_all.py
	modified:   _workspace/plan/kashkole-adapt-batch.log
	modified:   _workspace/plan/kashkole-challenge-fail-report.md
	modified:   _workspace/plan/kashkole-challenge-failures.log
	modified:   tools/content_translator/stages/adapt_auto.py

Untracked files:
  (use "git add <file>..." to include in what will be committed)
	_workspace/plan/kashkole-challenge-b32-final.log
	_workspace/plan/kashkole-challenge-b32.log
	_workspace/plan/kashkole-challenge-b35.log
	_workspace/plan/kashkole-podcast-scope.yaml

no changes added to commit (use "git add" and/or "git commit -a")
❌ ERROR $0.0000 (1.5s)

  Binder 5: 0 challenged, 2 skipped, 1 failed
  Binder cost: $0.0000

============================================================
Binder 16 — Selected Duʿāʾs (3 chapters)
============================================================
  ch 41: already challenged — skip
  ch 42: already challenged — skip
  ch 44: already challenged — skip

  Binder 16: 0 challenged, 3 skipped, 0 failed
  Binder cost: $0.0000

============================================================
Binder 18 — Prophet Stories (5 chapters)
============================================================
  ch 131: challenging... ❌ ERROR $0.0000 (1.4s)
  ch 147: already challenged — skip
  ch 52: challenging... ❌ ERROR $0.0000 (1.5s)
  ch 137: challenging... On branch feature/kashkole-translation
Changes not staged for commit:
  (use "git add <file>..." to update what will be committed)
  (use "git restore <file>..." to discard changes in working directory)
	modified:   _workspace/plan/_drivers/kashkole_adapt_all.py
	modified:   _workspace/plan/kashkole-adapt-batch.log
	modified:   _workspace/plan/kashkole-challenge-fail-report.md
	modified:   _workspace/plan/kashkole-challenge-failures.log
	modified:   tools/content_translator/stages/adapt_auto.py

Untracked files:
  (use "git add <file>..." to include in what will be committed)
	_workspace/plan/kashkole-challenge-b32-final.log
	_workspace/plan/kashkole-challenge-b32.log
	_workspace/plan/kashkole-challenge-b35.log
	_workspace/plan/kashkole-podcast-scope.yaml

no changes added to commit (use "git add" and/or "git commit -a")
❌ ERROR $0.0000 (1.5s)
  ch 168: already challenged — skip

  Binder 18: 0 challenged, 2 skipped, 3 failed
  Binder cost: $0.0000

============================================================
Binder 25 — Daʿāʾim: Ṭahāra (5 chapters)
============================================================
  ch 88: already challenged — skip
  ch 89: challenging... ❌ ERROR $0.0000 (1.5s)
  ch 90: already challenged — skip
  ch 91: already challenged — skip
  ch 92: challenging... On branch feature/kashkole-translation
Changes not staged for commit:
  (use "git add <file>..." to update what will be committed)
  (use "git restore <file>..." to discard changes in working directory)
	modified:   _workspace/plan/_drivers/kashkole_adapt_all.py
	modified:   _workspace/plan/kashkole-adapt-batch.log
	modified:   _workspace/plan/kashkole-challenge-fail-report.md
	modified:   _workspace/plan/kashkole-challenge-failures.log
	modified:   tools/content_translator/stages/adapt_auto.py

Untracked files:
  (use "git add <file>..." to include in what will be committed)
	_workspace/plan/kashkole-challenge-b32-final.log
	_workspace/plan/kashkole-challenge-b32.log
	_workspace/plan/kashkole-challenge-b35.log
	_workspace/plan/kashkole-podcast-scope.yaml

no changes added to commit (use "git add" and/or "git commit -a")
❌ ERROR $0.0000 (1.5s)

  Binder 25: 0 challenged, 3 skipped, 2 failed
  Binder cost: $0.0000

============================================================
Binder 27 — Ādāb wa-Akhlāq (6 chapters)
============================================================
  ch 56: already challenged — skip
  ch 14: already challenged — skip
  ch 17: already challenged — skip
  ch 127: already challenged — skip
  ch 128: challenging... On branch feature/kashkole-translation
Changes not staged for commit:
  (use "git add <file>..." to update what will be committed)
  (use "git restore <file>..." to discard changes in working directory)
	modified:   _workspace/plan/_drivers/kashkole_adapt_all.py
	modified:   _workspace/plan/kashkole-adapt-batch.log
	modified:   _workspace/plan/kashkole-challenge-fail-report.md
	modified:   _workspace/plan/kashkole-challenge-failures.log
	modified:   tools/content_translator/stages/adapt_auto.py

Untracked files:
  (use "git add <file>..." to include in what will be committed)
	_workspace/plan/kashkole-challenge-b32-final.log
	_workspace/plan/kashkole-challenge-b32.log
	_workspace/plan/kashkole-challenge-b35.log
	_workspace/plan/kashkole-podcast-scope.yaml

no changes added to commit (use "git add" and/or "git commit -a")
On branch feature/kashkole-translation
Changes not staged for commit:
  (use "git add <file>..." to update what will be committed)
  (use "git restore <file>..." to discard changes in working directory)
	modified:   _workspace/plan/_drivers/kashkole_adapt_all.py
	modified:   _workspace/plan/kashkole-adapt-batch.log
	modified:   _workspace/plan/kashkole-challenge-fail-report.md
	modified:   _workspace/plan/kashkole-challenge-failures.log
	modified:   tools/content_translator/stages/adapt_auto.py

Untracked files:
  (use "git add <file>..." to include in what will be committed)
	_workspace/plan/kashkole-challenge-b32-final.log
	_workspace/plan/kashkole-challenge-b32.log
	_workspace/plan/kashkole-challenge-b35.log
	_workspace/plan/kashkole-podcast-scope.yaml

no changes added to commit (use "git add" and/or "git commit -a")
❌ ERROR $0.0000 (1.5s)
  ch 140: already challenged — skip

  Binder 27: 0 challenged, 5 skipped, 1 failed
  Binder cost: $0.0000

============================================================
Binder 29 — Daʿāʾim: Ṣawm (4 chapters)
============================================================
  ch 133: already challenged — skip
  ch 134: already challenged — skip
  ch 135: already challenged — skip
  ch 136: already challenged — skip

  Binder 29: 0 challenged, 4 skipped, 0 failed
  Binder cost: $0.0000

============================================================
Binder 1 — Sciences of Origin/Return (12 chapters)
============================================================
  ch 73: challenging... ❌ ERROR $0.0000 (1.5s)
  ch 74: already challenged — skip
  ch 125: already challenged — skip
  ch 75: already challenged — skip
  ch 76: already challenged — skip
  ch 78: already challenged — skip
  ch 80: already challenged — skip
  ch 84: already challenged — skip
  ch 81: already challenged — skip
  ch 82: challenging... ❌ ERROR $0.0000 (1.6s)
  ch 20: already challenged — skip
  ch 21: challenging... On branch feature/kashkole-translation
Changes not staged for commit:
  (use "git add <file>..." to update what will be committed)
  (use "git restore <file>..." to discard changes in working directory)
	modified:   _workspace/plan/_drivers/kashkole_adapt_all.py
	modified:   _workspace/plan/kashkole-adapt-batch.log
	modified:   _workspace/plan/kashkole-challenge-fail-report.md
	modified:   _workspace/plan/kashkole-challenge-failures.log
	modified:   tools/content_translator/stages/adapt_auto.py

Untracked files:
  (use "git add <file>..." to include in what will be committed)
	_workspace/plan/kashkole-challenge-b32-final.log
	_workspace/plan/kashkole-challenge-b32.log
	_workspace/plan/kashkole-challenge-b35.log
	_workspace/plan/kashkole-podcast-scope.yaml

no changes added to commit (use "git add" and/or "git commit -a")
❌ ERROR $0.0000 (1.6s)

  Binder 1: 0 challenged, 9 skipped, 3 failed
  Binder cost: $0.0000

============================================================
Binder 24 — Tawḥīd (7 chapters)
============================================================
  ch 130: already challenged — skip
  ch 2: already challenged — skip
  ch 71: challenging... On branch feature/kashkole-translation
Changes not staged for commit:
  (use "git add <file>..." to update what will be committed)
  (use "git restore <file>..." to discard changes in working directory)
	modified:   _workspace/plan/_drivers/kashkole_adapt_all.py
	modified:   _workspace/plan/kashkole-adapt-batch.log
	modified:   _workspace/plan/kashkole-challenge-fail-report.md
	modified:   _workspace/plan/kashkole-challenge-failures.log
	modified:   tools/content_translator/stages/adapt_auto.py

Untracked files:
  (use "git add <file>..." to include in what will be committed)
	_workspace/plan/kashkole-challenge-b32-final.log
	_workspace/plan/kashkole-challenge-b32.log
	_workspace/plan/kashkole-challenge-b35.log
	_workspace/plan/kashkole-podcast-scope.yaml

no changes added to commit (use "git add" and/or "git commit -a")
On branch feature/kashkole-translation
Changes not staged for commit:
  (use "git add <file>..." to update what will be committed)
  (use "git restore <file>..." to discard changes in working directory)
	modified:   _workspace/plan/_drivers/kashkole_adapt_all.py
	modified:   _workspace/plan/kashkole-adapt-batch.log
	modified:   _workspace/plan/kashkole-challenge-fail-report.md
	modified:   _workspace/plan/kashkole-challenge-failures.log
	modified:   tools/content_translator/stages/adapt_auto.py

Untracked files:
  (use "git add <file>..." to include in what will be committed)
	_workspace/plan/kashkole-challenge-b32-final.log
	_workspace/plan/kashkole-challenge-b32.log
	_workspace/plan/kashkole-challenge-b35.log
	_workspace/plan/kashkole-podcast-scope.yaml

no changes added to commit (use "git add" and/or "git commit -a")
❌ ERROR $0.0000 (1.5s)
  ch 1: already challenged — skip
  ch 121: already challenged — skip
  ch 118: already challenged — skip
  ch 67: already challenged — skip

  Binder 24: 0 challenged, 6 skipped, 1 failed
  Binder cost: $0.0000

============================================================
Binder 26 — Daʿāʾim: Ṣalāt (8 chapters)
============================================================
  ch 93: already challenged — skip
  ch 94: already challenged — skip
  ch 95: already challenged — skip
  ch 96: already challenged — skip
  ch 97: already challenged — skip
  ch 98: already challenged — skip
  ch 99: already challenged — skip
  ch 100: already challenged — skip

  Binder 26: 0 challenged, 8 skipped, 0 failed
  Binder cost: $0.0000

============================================================
Binder 19 — Daʿāʾim: Wilāya (7 chapters)
============================================================
  ch 86: already challenged — skip
  ch 71: challenging... ❌ ERROR $0.0000 (1.5s)
  ch 123: already challenged — skip
  ch 64: challenging... ❌ ERROR $0.0000 (1.5s)
  ch 54: challenging... ❌ ERROR $0.0000 (1.5s)
  ch 122: challenging... On branch feature/kashkole-translation
Changes not staged for commit:
  (use "git add <file>..." to update what will be committed)
  (use "git restore <file>..." to discard changes in working directory)
	modified:   _workspace/plan/_drivers/kashkole_adapt_all.py
	modified:   _workspace/plan/kashkole-adapt-batch.log
	modified:   _workspace/plan/kashkole-challenge-fail-report.md
	modified:   _workspace/plan/kashkole-challenge-failures.log
	modified:   tools/content_translator/stages/adapt_auto.py

Untracked files:
  (use "git add <file>..." to include in what will be committed)
	_workspace/plan/kashkole-challenge-b32-final.log
	_workspace/plan/kashkole-challenge-b32.log
	_workspace/plan/kashkole-challenge-b35.log
	_workspace/plan/kashkole-podcast-scope.yaml

no changes added to commit (use "git add" and/or "git commit -a")
❌ ERROR $0.0000 (1.5s)
  ch 10: already challenged — skip

  Binder 19: 0 challenged, 3 skipped, 4 failed
  Binder cost: $0.0000

============================================================
Binder 34 — Quranic Studies (14 chapters)
============================================================
  ch 155: challenging... ❌ ERROR $0.0000 (1.6s)
  ch 156: challenging... On branch feature/kashkole-translation
Changes not staged for commit:
  (use "git add <file>..." to update what will be committed)
  (use "git restore <file>..." to discard changes in working directory)
	modified:   _workspace/plan/_drivers/kashkole_adapt_all.py
	modified:   _workspace/plan/kashkole-adapt-batch.log
	modified:   _workspace/plan/kashkole-challenge-fail-report.md
	modified:   _workspace/plan/kashkole-challenge-failures.log
	modified:   tools/content_translator/stages/adapt_auto.py

Untracked files:
  (use "git add <file>..." to include in what will be committed)
	_workspace/plan/kashkole-challenge-b32-final.log
	_workspace/plan/kashkole-challenge-b32.log
	_workspace/plan/kashkole-challenge-b35.log
	_workspace/plan/kashkole-podcast-scope.yaml

no changes added to commit (use "git add" and/or "git commit -a")
❌ ERROR $0.0000 (1.6s)
  ch 157: already challenged — skip
  ch 153: already challenged — skip
  ch 154: already challenged — skip
  ch 160: already challenged — skip
  ch 158: already challenged — skip
  ch 162: already challenged — skip
  ch 163: already challenged — skip
  ch 164: already challenged — skip
  ch 167: already challenged — skip
  ch 165: already challenged — skip
  ch 166: already challenged — skip
  ch 159: already challenged — skip

  Binder 34: 0 challenged, 12 skipped, 2 failed
  Binder cost: $0.0000

============================================================
Binder 28 — Drafts (10 chapters)
============================================================
  ch 115: challenging... ❌ ERROR $0.0000 (1.6s)
  ch 117: challenging... ❌ ERROR $0.0000 (1.6s)
  ch 119: already challenged — skip
  ch 172: already challenged — skip
  ch 124: already challenged — skip
  ch 126: challenging... ❌ ERROR $0.0000 (1.6s)
  ch 145: challenging... On branch feature/kashkole-translation
Changes not staged for commit:
  (use "git add <file>..." to update what will be committed)
  (use "git restore <file>..." to discard changes in working directory)
	modified:   _workspace/plan/_drivers/kashkole_adapt_all.py
	modified:   _workspace/plan/kashkole-adapt-batch.log
	modified:   _workspace/plan/kashkole-challenge-fail-report.md
	modified:   _workspace/plan/kashkole-challenge-failures.log
	modified:   tools/content_translator/stages/adapt_auto.py

Untracked files:
  (use "git add <file>..." to include in what will be committed)
	_workspace/plan/kashkole-challenge-b32-final.log
	_workspace/plan/kashkole-challenge-b32.log
	_workspace/plan/kashkole-challenge-b35.log
	_workspace/plan/kashkole-podcast-scope.yaml

no changes added to commit (use "git add" and/or "git commit -a")
❌ ERROR $0.0000 (1.5s)
  ch 149: already challenged — skip
  ch 150: already challenged — skip
  ch 161: already challenged — skip

  Binder 28: 0 challenged, 6 skipped, 4 failed
  Binder cost: $0.0000

============================================================
Binder 6 — Imam ʿAlī (9 chapters)
============================================================
  ch 11: already challenged — skip
  ch 46: challenging... ❌ ERROR $0.0000 (1.5s)
  ch 47: already challenged — skip
  ch 144: already challenged — skip
  ch 16: already challenged — skip
  ch 141: challenging... ❌ ERROR $0.0000 (1.5s)
  ch 37: already challenged — skip
  ch 51: already challenged — skip
  ch 48: challenging... On branch feature/kashkole-translation
Changes not staged for commit:
  (use "git add <file>..." to update what will be committed)
  (use "git restore <file>..." to discard changes in working directory)
	modified:   _workspace/plan/_drivers/kashkole_adapt_all.py
	modified:   _workspace/plan/kashkole-adapt-batch.log
	modified:   _workspace/plan/kashkole-challenge-fail-report.md
	modified:   _workspace/plan/kashkole-challenge-failures.log
	modified:   tools/content_translator/stages/adapt_auto.py

Untracked files:
  (use "git add <file>..." to include in what will be committed)
	_workspace/plan/kashkole-challenge-b32-final.log
	_workspace/plan/kashkole-challenge-b32.log
	_workspace/plan/kashkole-challenge-b35.log
	_workspace/plan/kashkole-podcast-scope.yaml

no changes added to commit (use "git add" and/or "git commit -a")
❌ ERROR $0.0000 (1.6s)

  Binder 6: 0 challenged, 6 skipped, 3 failed
  Binder cost: $0.0000

============================================================
Binder 8 — Taʾwīl of Divine Words (8 chapters)
============================================================
  ch 132: challenging... ❌ ERROR $0.0000 (1.5s)
  ch 9: challenging... ❌ ERROR $0.0000 (1.5s)
  ch 24: challenging... ❌ ERROR $0.0000 (1.5s)
  ch 23: already challenged — skip
  ch 25: challenging... ❌ ERROR $0.0000 (1.5s)
  ch 85: already challenged — skip
  ch 22: challenging... ❌ ERROR $0.0000 (1.6s)
  ch 18: challenging... On branch feature/kashkole-translation
Changes not staged for commit:
  (use "git add <file>..." to update what will be committed)
  (use "git restore <file>..." to discard changes in working directory)
	modified:   _workspace/plan/_drivers/kashkole_adapt_all.py
	modified:   _workspace/plan/kashkole-adapt-batch.log
	modified:   _workspace/plan/kashkole-challenge-fail-report.md
	modified:   _workspace/plan/kashkole-challenge-failures.log
	modified:   tools/content_translator/stages/adapt_auto.py

Untracked files:
  (use "git add <file>..." to include in what will be committed)
	_workspace/plan/kashkole-challenge-b32-final.log
	_workspace/plan/kashkole-challenge-b32.log
	_workspace/plan/kashkole-challenge-b35.log
	_workspace/plan/kashkole-podcast-scope.yaml

no changes added to commit (use "git add" and/or "git commit -a")
❌ ERROR $0.0000 (1.6s)

  Binder 8: 0 challenged, 2 skipped, 6 failed
  Binder cost: $0.0000

============================================================
Binder 23 — Selected Scholarly Treatises (11 chapters)
============================================================
  ch 63: challenging... ❌ ERROR $0.0000 (1.5s)
  ch 69: already challenged — skip
  ch 70: already challenged — skip
  ch 72: already challenged — skip
  ch 83: already challenged — skip
  ch 60: challenging... On branch feature/kashkole-translation
Changes not staged for commit:
  (use "git add <file>..." to update what will be committed)
  (use "git restore <file>..." to discard changes in working directory)
	modified:   _workspace/plan/_drivers/kashkole_adapt_all.py
	modified:   _workspace/plan/kashkole-adapt-batch.log
	modified:   _workspace/plan/kashkole-challenge-fail-report.md
	modified:   _workspace/plan/kashkole-challenge-failures.log
	modified:   tools/content_translator/stages/adapt_auto.py

Untracked files:
  (use "git add <file>..." to include in what will be committed)
	_workspace/plan/kashkole-challenge-b32-final.log
	_workspace/plan/kashkole-challenge-b32.log
	_workspace/plan/kashkole-challenge-b35.log
	_workspace/plan/kashkole-podcast-scope.yaml

no changes added to commit (use "git add" and/or "git commit -a")
❌ ERROR $0.0000 (1.5s)
  ch 59: already challenged — skip
  ch 38: already challenged — skip
  ch 87: already challenged — skip
  ch 55: already challenged — skip
  ch 148: already challenged — skip

  Binder 23: 0 challenged, 9 skipped, 2 failed
  Binder cost: $0.0000

============================================================
Challenge complete.
WARNs: 0  FAILs: 0
Session spend: $0.0000  |  Total: $0.4139
============================================================
